<?xml version="1.0" encoding="UTF-8"?>
<robot generator="Robot 7.2.2 (Python 3.13.2 on win32)" generated="2025-02-10T15:08:25.369344" rpa="false" schemaversion="5">
<suite id="s1" name="Login" source="C:\serverest_robot\Tests\login.robot">
<test id="s1-t1" name="Cenário 01: Validando cenário de login valido" line="14">
<kw name="Abrir o Navegador" owner="resources" type="SETUP">
<kw name="Open Browser" owner="SeleniumLibrary">
<msg time="2025-02-10T15:08:25.480770" level="INFO">Opening browser 'chrome' to base url 'None'.</msg>
<arg>browser=chrome</arg>
<doc>Opens a new browser instance to the optional ``url``.</doc>
<status status="PASS" start="2025-02-10T15:08:25.480648" elapsed="1.441920"/>
</kw>
<kw name="Maximize Browser Window" owner="SeleniumLibrary">
<doc>Maximizes current browser window.</doc>
<status status="PASS" start="2025-02-10T15:08:26.922765" elapsed="0.138853"/>
</kw>
<status status="PASS" start="2025-02-10T15:08:25.480137" elapsed="1.581627"/>
</kw>
<kw name="Dado que o usuario esteja na pagina de login do serverest" owner="login_Page">
<kw name="Go To" owner="SeleniumLibrary">
<msg time="2025-02-10T15:08:27.063225" level="INFO">Opening url 'https://front.serverest.dev/login'</msg>
<arg>${URL_DEV}</arg>
<doc>Navigates the current browser window to the provided ``url``.</doc>
<status status="PASS" start="2025-02-10T15:08:27.063048" elapsed="1.946583"/>
</kw>
<kw name="Wait Until Element Is Visible" owner="SeleniumLibrary">
<arg>${TEXTO_LOGIN}</arg>
<doc>Waits until the element ``locator`` is visible.</doc>
<status status="PASS" start="2025-02-10T15:08:29.009799" elapsed="0.029864"/>
</kw>
<status status="PASS" start="2025-02-10T15:08:27.062654" elapsed="1.977104"/>
</kw>
<kw name="Quando inserir as credenciais e logar" owner="login_Page">
<kw name="Wait Until Element Is Visible" owner="SeleniumLibrary">
<arg>${EMAIL}</arg>
<doc>Waits until the element ``locator`` is visible.</doc>
<status status="PASS" start="2025-02-10T15:08:29.040397" elapsed="0.016192"/>
</kw>
<kw name="Input Text" owner="SeleniumLibrary">
<msg time="2025-02-10T15:08:29.056898" level="INFO">Typing text 'ozeias.silva@gmail.com' into text field '//input[contains(@name,'email')]'.</msg>
<arg>${EMAIL}</arg>
<arg>ozeias.silva@gmail.com</arg>
<doc>Types the given ``text`` into the text field identified by ``locator``.</doc>
<status status="PASS" start="2025-02-10T15:08:29.056734" elapsed="0.115356"/>
</kw>
<kw name="Wait Until Element Is Visible" owner="SeleniumLibrary">
<arg>${SENHA}</arg>
<doc>Waits until the element ``locator`` is visible.</doc>
<status status="PASS" start="2025-02-10T15:08:29.172249" elapsed="0.015003"/>
</kw>
<kw name="Input Text" owner="SeleniumLibrary">
<msg time="2025-02-10T15:08:29.187586" level="INFO">Typing text '741852' into text field '//input[contains(@name,'password')]'.</msg>
<arg>${SENHA}</arg>
<arg>741852</arg>
<doc>Types the given ``text`` into the text field identified by ``locator``.</doc>
<status status="PASS" start="2025-02-10T15:08:29.187390" elapsed="0.052867"/>
</kw>
<kw name="Wait Until Element Is Visible" owner="SeleniumLibrary">
<arg>${BTN_ENTRAR}</arg>
<doc>Waits until the element ``locator`` is visible.</doc>
<status status="PASS" start="2025-02-10T15:08:29.240400" elapsed="0.014993"/>
</kw>
<kw name="Click Element" owner="SeleniumLibrary">
<msg time="2025-02-10T15:08:29.255678" level="INFO">Clicking element '//button[@data-testid='entrar'][contains(.,'Entrar')]'.</msg>
<arg>${BTN_ENTRAR}</arg>
<doc>Click the element identified by ``locator``.</doc>
<status status="PASS" start="2025-02-10T15:08:29.255527" elapsed="0.046244"/>
</kw>
<status status="PASS" start="2025-02-10T15:08:29.040196" elapsed="0.261654"/>
</kw>
<kw name="E vejo o texto &quot;Serverest Store&quot;" owner="login_Page" source_name="E vejo o texto &quot;${TEXTO}&quot;">
<kw name="Wait Until Page Contains" owner="SeleniumLibrary">
<msg time="2025-02-10T15:08:34.674127" level="INFO" html="true">&lt;/td&gt;&lt;/tr&gt;&lt;tr&gt;&lt;td colspan="3"&gt;&lt;a href="selenium-screenshot-27.png"&gt;&lt;img src="selenium-screenshot-27.png" width="800px"&gt;&lt;/a&gt;</msg>
<msg time="2025-02-10T15:08:34.674310" level="FAIL">Text 'Serverest Store' did not appear in 5 seconds.</msg>
<arg>${TEXTO}</arg>
<doc>Waits until ``text`` appears on the current page.</doc>
<status status="FAIL" start="2025-02-10T15:08:29.302487" elapsed="5.373469">Text 'Serverest Store' did not appear in 5 seconds.</status>
</kw>
<kw name="Capture Page Screenshot" owner="SeleniumLibrary">
<doc>Takes a screenshot of the current page and embeds it into a log file.</doc>
<status status="NOT RUN" start="2025-02-10T15:08:34.676114" elapsed="0.000028"/>
</kw>
<status status="FAIL" start="2025-02-10T15:08:29.302222" elapsed="5.374015">Text 'Serverest Store' did not appear in 5 seconds.</status>
</kw>
<kw name="Então saio do Serverest" owner="home_Page">
<status status="NOT RUN" start="2025-02-10T15:08:34.676728" elapsed="0.000037"/>
</kw>
<kw name="Fechar o Navegdor" owner="resources" type="TEARDOWN">
<kw name="Capture Page Screenshot" owner="SeleniumLibrary">
<msg time="2025-02-10T15:08:34.953217" level="INFO" html="true">&lt;/td&gt;&lt;/tr&gt;&lt;tr&gt;&lt;td colspan="3"&gt;&lt;a href="selenium-screenshot-28.png"&gt;&lt;img src="selenium-screenshot-28.png" width="800px"&gt;&lt;/a&gt;</msg>
<doc>Takes a screenshot of the current page and embeds it into a log file.</doc>
<status status="PASS" start="2025-02-10T15:08:34.677559" elapsed="0.275749"/>
</kw>
<kw name="Close Browser" owner="SeleniumLibrary">
<doc>Closes the current browser.</doc>
<status status="PASS" start="2025-02-10T15:08:34.953439" elapsed="2.153375"/>
</kw>
<status status="PASS" start="2025-02-10T15:08:34.677310" elapsed="2.429704"/>
</kw>
<tag>login_01</tag>
<status status="FAIL" start="2025-02-10T15:08:25.479511" elapsed="11.637219">Text 'Serverest Store' did not appear in 5 seconds.</status>
</test>
<test id="s1-t2" name="Cenário 02: Validando cenário de login invalido" line="21">
<kw name="Abrir o Navegador" owner="resources" type="SETUP">
<kw name="Open Browser" owner="SeleniumLibrary">
<msg time="2025-02-10T15:08:37.130888" level="INFO">Opening browser 'chrome' to base url 'None'.</msg>
<arg>browser=chrome</arg>
<doc>Opens a new browser instance to the optional ``url``.</doc>
<status status="PASS" start="2025-02-10T15:08:37.130591" elapsed="1.412650"/>
</kw>
<kw name="Maximize Browser Window" owner="SeleniumLibrary">
<doc>Maximizes current browser window.</doc>
<status status="PASS" start="2025-02-10T15:08:38.543375" elapsed="0.057447"/>
</kw>
<status status="PASS" start="2025-02-10T15:08:37.130061" elapsed="1.470851"/>
</kw>
<kw name="Dado que o usuario esteja na pagina de login do serverest" owner="login_Page">
<kw name="Go To" owner="SeleniumLibrary">
<msg time="2025-02-10T15:08:38.601707" level="INFO">Opening url 'https://front.serverest.dev/login'</msg>
<arg>${URL_DEV}</arg>
<doc>Navigates the current browser window to the provided ``url``.</doc>
<status status="PASS" start="2025-02-10T15:08:38.601612" elapsed="2.136384"/>
</kw>
<kw name="Wait Until Element Is Visible" owner="SeleniumLibrary">
<arg>${TEXTO_LOGIN}</arg>
<doc>Waits until the element ``locator`` is visible.</doc>
<status status="PASS" start="2025-02-10T15:08:40.738156" elapsed="0.022035"/>
</kw>
<status status="PASS" start="2025-02-10T15:08:38.601410" elapsed="2.158857"/>
</kw>
<kw name="Quando inserir as credenciais invalidas e logar" owner="login_Page">
<kw name="Wait Until Element Is Visible" owner="SeleniumLibrary">
<arg>${EMAIL}</arg>
<doc>Waits until the element ``locator`` is visible.</doc>
<status status="PASS" start="2025-02-10T15:08:40.761240" elapsed="0.016091"/>
</kw>
<kw name="Input Text" owner="SeleniumLibrary">
<msg time="2025-02-10T15:08:40.777623" level="INFO">Typing text 'ozeias.te@gmail.com' into text field '//input[contains(@name,'email')]'.</msg>
<arg>${EMAIL}</arg>
<arg>ozeias.te@gmail.com</arg>
<doc>Types the given ``text`` into the text field identified by ``locator``.</doc>
<status status="PASS" start="2025-02-10T15:08:40.777466" elapsed="0.105816"/>
</kw>
<kw name="Wait Until Element Is Visible" owner="SeleniumLibrary">
<arg>${SENHA}</arg>
<doc>Waits until the element ``locator`` is visible.</doc>
<status status="PASS" start="2025-02-10T15:08:40.883581" elapsed="0.020336"/>
</kw>
<kw name="Input Text" owner="SeleniumLibrary">
<msg time="2025-02-10T15:08:40.904210" level="INFO">Typing text '123456' into text field '//input[contains(@name,'password')]'.</msg>
<arg>${SENHA}</arg>
<arg>123456</arg>
<doc>Types the given ``text`` into the text field identified by ``locator``.</doc>
<status status="PASS" start="2025-02-10T15:08:40.904052" elapsed="0.093537"/>
</kw>
<kw name="Wait Until Element Is Visible" owner="SeleniumLibrary">
<arg>${BTN_ENTRAR}</arg>
<doc>Waits until the element ``locator`` is visible.</doc>
<status status="PASS" start="2025-02-10T15:08:40.997726" elapsed="0.017553"/>
</kw>
<kw name="Click Element" owner="SeleniumLibrary">
<msg time="2025-02-10T15:08:41.015614" level="INFO">Clicking element '//button[@data-testid='entrar'][contains(.,'Entrar')]'.</msg>
<arg>${BTN_ENTRAR}</arg>
<doc>Click the element identified by ``locator``.</doc>
<status status="PASS" start="2025-02-10T15:08:41.015426" elapsed="0.065298"/>
</kw>
<status status="PASS" start="2025-02-10T15:08:40.761038" elapsed="0.319773"/>
</kw>
<kw name="E vejo o texto &quot;Email e/ou senha inválidos&quot;" owner="login_Page" source_name="E vejo o texto &quot;${TEXTO}&quot;">
<kw name="Wait Until Page Contains" owner="SeleniumLibrary">
<arg>${TEXTO}</arg>
<doc>Waits until ``text`` appears on the current page.</doc>
<status status="PASS" start="2025-02-10T15:08:41.081404" elapsed="0.645808"/>
</kw>
<kw name="Capture Page Screenshot" owner="SeleniumLibrary">
<msg time="2025-02-10T15:08:41.994810" level="INFO" html="true">&lt;/td&gt;&lt;/tr&gt;&lt;tr&gt;&lt;td colspan="3"&gt;&lt;a href="selenium-screenshot-29.png"&gt;&lt;img src="selenium-screenshot-29.png" width="800px"&gt;&lt;/a&gt;</msg>
<doc>Takes a screenshot of the current page and embeds it into a log file.</doc>
<status status="PASS" start="2025-02-10T15:08:41.727347" elapsed="0.267540"/>
</kw>
<status status="PASS" start="2025-02-10T15:08:41.081187" elapsed="0.913768"/>
</kw>
<kw name="Fechar o Navegdor" owner="resources" type="TEARDOWN">
<kw name="Capture Page Screenshot" owner="SeleniumLibrary">
<msg time="2025-02-10T15:08:42.281176" level="INFO" html="true">&lt;/td&gt;&lt;/tr&gt;&lt;tr&gt;&lt;td colspan="3"&gt;&lt;a href="selenium-screenshot-30.png"&gt;&lt;img src="selenium-screenshot-30.png" width="800px"&gt;&lt;/a&gt;</msg>
<doc>Takes a screenshot of the current page and embeds it into a log file.</doc>
<status status="PASS" start="2025-02-10T15:08:41.995792" elapsed="0.285488"/>
</kw>
<kw name="Close Browser" owner="SeleniumLibrary">
<doc>Closes the current browser.</doc>
<status status="PASS" start="2025-02-10T15:08:42.281410" elapsed="3.732606"/>
</kw>
<status status="PASS" start="2025-02-10T15:08:41.995601" elapsed="4.018589"/>
</kw>
<tag>login_02</tag>
<status status="PASS" start="2025-02-10T15:08:37.128339" elapsed="8.886745"/>
</test>
<test id="s1-t3" name="Cenário 03: Validando cenário usuario valido e senha invalida" line="27">
<kw name="Abrir o Navegador" owner="resources" type="SETUP">
<kw name="Open Browser" owner="SeleniumLibrary">
<msg time="2025-02-10T15:08:46.020368" level="INFO">Opening browser 'chrome' to base url 'None'.</msg>
<arg>browser=chrome</arg>
<doc>Opens a new browser instance to the optional ``url``.</doc>
<status status="PASS" start="2025-02-10T15:08:46.020080" elapsed="1.445599"/>
</kw>
<kw name="Maximize Browser Window" owner="SeleniumLibrary">
<doc>Maximizes current browser window.</doc>
<status status="PASS" start="2025-02-10T15:08:47.466007" elapsed="0.078909"/>
</kw>
<status status="PASS" start="2025-02-10T15:08:46.019475" elapsed="1.525574"/>
</kw>
<kw name="Dado que o usuario esteja na pagina de login do serverest" owner="login_Page">
<kw name="Go To" owner="SeleniumLibrary">
<msg time="2025-02-10T15:08:47.545999" level="INFO">Opening url 'https://front.serverest.dev/login'</msg>
<arg>${URL_DEV}</arg>
<doc>Navigates the current browser window to the provided ``url``.</doc>
<status status="PASS" start="2025-02-10T15:08:47.545867" elapsed="2.274012"/>
</kw>
<kw name="Wait Until Element Is Visible" owner="SeleniumLibrary">
<arg>${TEXTO_LOGIN}</arg>
<doc>Waits until the element ``locator`` is visible.</doc>
<status status="PASS" start="2025-02-10T15:08:49.820120" elapsed="0.024094"/>
</kw>
<status status="PASS" start="2025-02-10T15:08:47.545585" elapsed="2.298755"/>
</kw>
<kw name=" Quando inserir usuario valido e senha invalida" owner="login_Page">
<kw name="Wait Until Element Is Visible" owner="SeleniumLibrary">
<arg>${EMAIL}</arg>
<doc>Waits until the element ``locator`` is visible.</doc>
<status status="PASS" start="2025-02-10T15:08:49.849417" elapsed="0.025745"/>
</kw>
<kw name="Input Text" owner="SeleniumLibrary">
<msg time="2025-02-10T15:08:49.875625" level="INFO">Typing text 'ozeias.nnascimento@gmail.com' into text field '//input[contains(@name,'email')]'.</msg>
<arg>${EMAIL}</arg>
<arg>ozeias.nnascimento@gmail.com</arg>
<doc>Types the given ``text`` into the text field identified by ``locator``.</doc>
<status status="PASS" start="2025-02-10T15:08:49.875381" elapsed="0.099949"/>
</kw>
<kw name="Wait Until Element Is Visible" owner="SeleniumLibrary">
<arg>${SENHA}</arg>
<doc>Waits until the element ``locator`` is visible.</doc>
<status status="PASS" start="2025-02-10T15:08:49.975550" elapsed="0.014651"/>
</kw>
<kw name="Input Text" owner="SeleniumLibrary">
<msg time="2025-02-10T15:08:49.990730" level="INFO">Typing text '123456' into text field '//input[contains(@name,'password')]'.</msg>
<arg>${SENHA}</arg>
<arg>123456</arg>
<doc>Types the given ``text`` into the text field identified by ``locator``.</doc>
<status status="PASS" start="2025-02-10T15:08:49.990466" elapsed="0.049153"/>
</kw>
<kw name="Wait Until Element Is Visible" owner="SeleniumLibrary">
<arg>${BTN_ENTRAR}</arg>
<doc>Waits until the element ``locator`` is visible.</doc>
<status status="PASS" start="2025-02-10T15:08:50.039887" elapsed="0.014875"/>
</kw>
<kw name="Click Element" owner="SeleniumLibrary">
<msg time="2025-02-10T15:08:50.055305" level="INFO">Clicking element '//button[@data-testid='entrar'][contains(.,'Entrar')]'.</msg>
<arg>${BTN_ENTRAR}</arg>
<doc>Click the element identified by ``locator``.</doc>
<status status="PASS" start="2025-02-10T15:08:50.055013" elapsed="0.045593"/>
</kw>
<status status="PASS" start="2025-02-10T15:08:49.849042" elapsed="0.251716"/>
</kw>
<kw name="E vejo o texto &quot;Email e/ou senha inválidos&quot;" owner="login_Page" source_name="E vejo o texto &quot;${TEXTO}&quot;">
<kw name="Wait Until Page Contains" owner="SeleniumLibrary">
<arg>${TEXTO}</arg>
<doc>Waits until ``text`` appears on the current page.</doc>
<status status="PASS" start="2025-02-10T15:08:50.102051" elapsed="0.669634"/>
</kw>
<kw name="Capture Page Screenshot" owner="SeleniumLibrary">
<msg time="2025-02-10T15:08:51.092333" level="INFO" html="true">&lt;/td&gt;&lt;/tr&gt;&lt;tr&gt;&lt;td colspan="3"&gt;&lt;a href="selenium-screenshot-31.png"&gt;&lt;img src="selenium-screenshot-31.png" width="800px"&gt;&lt;/a&gt;</msg>
<doc>Takes a screenshot of the current page and embeds it into a log file.</doc>
<status status="PASS" start="2025-02-10T15:08:50.771904" elapsed="0.320582"/>
</kw>
<status status="PASS" start="2025-02-10T15:08:50.101712" elapsed="0.990916"/>
</kw>
<kw name="Fechar o Navegdor" owner="resources" type="TEARDOWN">
<kw name="Capture Page Screenshot" owner="SeleniumLibrary">
<msg time="2025-02-10T15:08:51.368850" level="INFO" html="true">&lt;/td&gt;&lt;/tr&gt;&lt;tr&gt;&lt;td colspan="3"&gt;&lt;a href="selenium-screenshot-32.png"&gt;&lt;img src="selenium-screenshot-32.png" width="800px"&gt;&lt;/a&gt;</msg>
<doc>Takes a screenshot of the current page and embeds it into a log file.</doc>
<status status="PASS" start="2025-02-10T15:08:51.094692" elapsed="0.274311"/>
</kw>
<kw name="Close Browser" owner="SeleniumLibrary">
<doc>Closes the current browser.</doc>
<status status="PASS" start="2025-02-10T15:08:51.369251" elapsed="2.156282"/>
</kw>
<status status="PASS" start="2025-02-10T15:08:51.094271" elapsed="2.431397"/>
</kw>
<tag>login_03</tag>
<status status="PASS" start="2025-02-10T15:08:46.018486" elapsed="7.509045"/>
</test>
<test id="s1-t4" name="Cenário 04: Validando cenário usuario invalido e senha valida" line="33">
<kw name="Abrir o Navegador" owner="resources" type="SETUP">
<kw name="Open Browser" owner="SeleniumLibrary">
<msg time="2025-02-10T15:08:53.539707" level="INFO">Opening browser 'chrome' to base url 'None'.</msg>
<arg>browser=chrome</arg>
<doc>Opens a new browser instance to the optional ``url``.</doc>
<status status="PASS" start="2025-02-10T15:08:53.539553" elapsed="1.437841"/>
</kw>
<kw name="Maximize Browser Window" owner="SeleniumLibrary">
<doc>Maximizes current browser window.</doc>
<status status="PASS" start="2025-02-10T15:08:54.977678" elapsed="0.088591"/>
</kw>
<status status="PASS" start="2025-02-10T15:08:53.539224" elapsed="1.527170"/>
</kw>
<kw name="Dado que o usuario esteja na pagina de login do serverest" owner="login_Page">
<kw name="Go To" owner="SeleniumLibrary">
<msg time="2025-02-10T15:08:55.068594" level="INFO">Opening url 'https://front.serverest.dev/login'</msg>
<arg>${URL_DEV}</arg>
<doc>Navigates the current browser window to the provided ``url``.</doc>
<status status="PASS" start="2025-02-10T15:08:55.068450" elapsed="1.933793"/>
</kw>
<kw name="Wait Until Element Is Visible" owner="SeleniumLibrary">
<arg>${TEXTO_LOGIN}</arg>
<doc>Waits until the element ``locator`` is visible.</doc>
<status status="PASS" start="2025-02-10T15:08:57.002501" elapsed="0.033165"/>
</kw>
<status status="PASS" start="2025-02-10T15:08:55.068138" elapsed="1.967731"/>
</kw>
<kw name="Quando inserir usuario invalido e senha valida" owner="login_Page">
<kw name="Wait Until Element Is Visible" owner="SeleniumLibrary">
<arg>${EMAIL}</arg>
<doc>Waits until the element ``locator`` is visible.</doc>
<status status="PASS" start="2025-02-10T15:08:57.037689" elapsed="0.018973"/>
</kw>
<kw name="Input Text" owner="SeleniumLibrary">
<msg time="2025-02-10T15:08:57.057160" level="INFO">Typing text 'ozeias.teste@gmail.com' into text field '//input[contains(@name,'email')]'.</msg>
<arg>${EMAIL}</arg>
<arg>ozeias.teste@gmail.com</arg>
<doc>Types the given ``text`` into the text field identified by ``locator``.</doc>
<status status="PASS" start="2025-02-10T15:08:57.056905" elapsed="0.097534"/>
</kw>
<kw name="Wait Until Element Is Visible" owner="SeleniumLibrary">
<arg>${SENHA}</arg>
<doc>Waits until the element ``locator`` is visible.</doc>
<status status="PASS" start="2025-02-10T15:08:57.154673" elapsed="0.015410"/>
</kw>
<kw name="Input Text" owner="SeleniumLibrary">
<msg time="2025-02-10T15:08:57.170506" level="INFO">Typing text '741852' into text field '//input[contains(@name,'password')]'.</msg>
<arg>${SENHA}</arg>
<arg>741852</arg>
<doc>Types the given ``text`` into the text field identified by ``locator``.</doc>
<status status="PASS" start="2025-02-10T15:08:57.170284" elapsed="0.048147"/>
</kw>
<kw name="Wait Until Element Is Visible" owner="SeleniumLibrary">
<arg>${BTN_ENTRAR}</arg>
<doc>Waits until the element ``locator`` is visible.</doc>
<status status="PASS" start="2025-02-10T15:08:57.218677" elapsed="0.014572"/>
</kw>
<kw name="Click Element" owner="SeleniumLibrary">
<msg time="2025-02-10T15:08:57.234078" level="INFO">Clicking element '//button[@data-testid='entrar'][contains(.,'Entrar')]'.</msg>
<arg>${BTN_ENTRAR}</arg>
<doc>Click the element identified by ``locator``.</doc>
<status status="PASS" start="2025-02-10T15:08:57.233473" elapsed="0.047457"/>
</kw>
<status status="PASS" start="2025-02-10T15:08:57.037325" elapsed="0.243746"/>
</kw>
<kw name="E vejo o texto &quot;Email e/ou senha inválidos&quot;" owner="login_Page" source_name="E vejo o texto &quot;${TEXTO}&quot;">
<kw name="Wait Until Page Contains" owner="SeleniumLibrary">
<arg>${TEXTO}</arg>
<doc>Waits until ``text`` appears on the current page.</doc>
<status status="PASS" start="2025-02-10T15:08:57.284808" elapsed="0.652374"/>
</kw>
<kw name="Capture Page Screenshot" owner="SeleniumLibrary">
<msg time="2025-02-10T15:08:58.206271" level="INFO" html="true">&lt;/td&gt;&lt;/tr&gt;&lt;tr&gt;&lt;td colspan="3"&gt;&lt;a href="selenium-screenshot-33.png"&gt;&lt;img src="selenium-screenshot-33.png" width="800px"&gt;&lt;/a&gt;</msg>
<doc>Takes a screenshot of the current page and embeds it into a log file.</doc>
<status status="PASS" start="2025-02-10T15:08:57.937471" elapsed="0.268922"/>
</kw>
<status status="PASS" start="2025-02-10T15:08:57.284446" elapsed="0.922068"/>
</kw>
<kw name="Fechar o Navegdor" owner="resources" type="TEARDOWN">
<kw name="Capture Page Screenshot" owner="SeleniumLibrary">
<msg time="2025-02-10T15:08:58.475262" level="INFO" html="true">&lt;/td&gt;&lt;/tr&gt;&lt;tr&gt;&lt;td colspan="3"&gt;&lt;a href="selenium-screenshot-34.png"&gt;&lt;img src="selenium-screenshot-34.png" width="800px"&gt;&lt;/a&gt;</msg>
<doc>Takes a screenshot of the current page and embeds it into a log file.</doc>
<status status="PASS" start="2025-02-10T15:08:58.207370" elapsed="0.268023"/>
</kw>
<kw name="Close Browser" owner="SeleniumLibrary">
<doc>Closes the current browser.</doc>
<status status="PASS" start="2025-02-10T15:08:58.475606" elapsed="2.136778"/>
</kw>
<status status="PASS" start="2025-02-10T15:08:58.207060" elapsed="2.405605"/>
</kw>
<tag>login_04</tag>
<status status="PASS" start="2025-02-10T15:08:53.532447" elapsed="7.083686"/>
</test>
<status status="FAIL" start="2025-02-10T15:08:25.370180" elapsed="35.252224"/>
</suite>
<statistics>
<total>
<stat pass="3" fail="1" skip="0">All Tests</stat>
</total>
<tag>
<stat pass="0" fail="1" skip="0">login_01</stat>
<stat pass="1" fail="0" skip="0">login_02</stat>
<stat pass="1" fail="0" skip="0">login_03</stat>
<stat pass="1" fail="0" skip="0">login_04</stat>
</tag>
<suite>
<stat name="Login" id="s1" pass="3" fail="1" skip="0">Login</stat>
</suite>
</statistics>
<errors>
<msg time="2025-02-10T15:08:25.366617" level="WARN">Error in file 'C:\serverest_robot\Tests\login.robot' on line 13: Singular section headers like '*** Test Case ***' are deprecated. Use plural format like '*** Test Cases ***' instead.</msg>
</errors>
</robot>
