<?xml version="1.0" encoding="UTF-8"?>
<robot generator="Robot 7.2.2 (Python 3.13.2 on win32)" generated="2025-02-10T21:08:53.380179" rpa="false" schemaversion="5">
<suite id="s1" name="compra Produto" source="c:\serverest_robot\Tests\compra_Produto.robot">
<test id="s1-t1" name="Cenário 01: Realizar compra de produto com sucesso" line="16">
<kw name="Abrir o Navegador" owner="resources" type="SETUP">
<kw name="Open Browser" owner="SeleniumLibrary">
<msg time="2025-02-10T21:08:53.487498" level="INFO">Opening browser 'chrome' to base url 'None'.</msg>
<arg>browser=chrome</arg>
<doc>Opens a new browser instance to the optional ``url``.</doc>
<status status="PASS" start="2025-02-10T21:08:53.487298" elapsed="1.493961"/>
</kw>
<kw name="Maximize Browser Window" owner="SeleniumLibrary">
<doc>Maximizes current browser window.</doc>
<status status="PASS" start="2025-02-10T21:08:54.981545" elapsed="0.035053"/>
</kw>
<status status="PASS" start="2025-02-10T21:08:53.486670" elapsed="1.530204"/>
</kw>
<kw name="Dado que o usuario esteja na pagina de login do serverest" owner="login_Page">
<kw name="Go To" owner="SeleniumLibrary">
<msg time="2025-02-10T21:08:55.018130" level="INFO">Opening url 'https://front.serverest.dev/login'</msg>
<arg>${URL_DEV}</arg>
<doc>Navigates the current browser window to the provided ``url``.</doc>
<status status="PASS" start="2025-02-10T21:08:55.017942" elapsed="1.945318"/>
</kw>
<kw name="Wait Until Element Is Visible" owner="SeleniumLibrary">
<arg>${TEXTO_LOGIN}</arg>
<doc>Waits until the element ``locator`` is visible.</doc>
<status status="PASS" start="2025-02-10T21:08:56.963482" elapsed="0.021330"/>
</kw>
<status status="PASS" start="2025-02-10T21:08:55.017559" elapsed="1.967418"/>
</kw>
<kw name="Quando inserir as credenciais e logar" owner="login_Page">
<kw name="Wait Until Element Is Visible" owner="SeleniumLibrary">
<arg>${EMAIL}</arg>
<doc>Waits until the element ``locator`` is visible.</doc>
<status status="PASS" start="2025-02-10T21:08:56.985767" elapsed="0.016571"/>
</kw>
<kw name="Input Text" owner="SeleniumLibrary">
<msg time="2025-02-10T21:08:57.002786" level="INFO">Typing text 'ozeias.silva@gmail.com' into text field '//input[contains(@name,'email')]'.</msg>
<arg>${EMAIL}</arg>
<arg>ozeias.silva@gmail.com</arg>
<doc>Types the given ``text`` into the text field identified by ``locator``.</doc>
<status status="PASS" start="2025-02-10T21:08:57.002555" elapsed="0.104460"/>
</kw>
<kw name="Wait Until Element Is Visible" owner="SeleniumLibrary">
<arg>${SENHA}</arg>
<doc>Waits until the element ``locator`` is visible.</doc>
<status status="PASS" start="2025-02-10T21:08:57.107229" elapsed="0.015883"/>
</kw>
<kw name="Input Text" owner="SeleniumLibrary">
<msg time="2025-02-10T21:08:57.123559" level="INFO">Typing text '741852' into text field '//input[contains(@name,'password')]'.</msg>
<arg>${SENHA}</arg>
<arg>741852</arg>
<doc>Types the given ``text`` into the text field identified by ``locator``.</doc>
<status status="PASS" start="2025-02-10T21:08:57.123343" elapsed="0.052352"/>
</kw>
<kw name="Wait Until Element Is Visible" owner="SeleniumLibrary">
<arg>${BTN_ENTRAR}</arg>
<doc>Waits until the element ``locator`` is visible.</doc>
<status status="PASS" start="2025-02-10T21:08:57.175911" elapsed="0.014764"/>
</kw>
<kw name="Click Element" owner="SeleniumLibrary">
<msg time="2025-02-10T21:08:57.191094" level="INFO">Clicking element '//button[@data-testid='entrar'][contains(.,'Entrar')]'.</msg>
<arg>${BTN_ENTRAR}</arg>
<doc>Click the element identified by ``locator``.</doc>
<status status="PASS" start="2025-02-10T21:08:57.190879" elapsed="0.045531"/>
</kw>
<status status="PASS" start="2025-02-10T21:08:56.985508" elapsed="0.251055"/>
</kw>
<kw name="E incluo o produto na cesta" owner="home_Page">
<kw name="Wait Until Element Is Visible" owner="SeleniumLibrary">
<msg time="2025-02-10T21:09:02.601763" level="INFO" html="true">&lt;/td&gt;&lt;/tr&gt;&lt;tr&gt;&lt;td colspan="3"&gt;&lt;a href="selenium-screenshot-9.png"&gt;&lt;img src="selenium-screenshot-9.png" width="800px"&gt;&lt;/a&gt;</msg>
<msg time="2025-02-10T21:09:02.602675" level="FAIL">Element '//input[contains(@class,'form-control my-5 mx-3 my-sm-0')]' not visible after 5 seconds.</msg>
<arg>${CAMP_PESQUISAR_PRODUTO}</arg>
<doc>Waits until the element ``locator`` is visible.</doc>
<status status="FAIL" start="2025-02-10T21:08:57.237213" elapsed="5.367423">Element '//input[contains(@class,'form-control my-5 mx-3 my-sm-0')]' not visible after 5 seconds.</status>
</kw>
<kw name="Input Text" owner="SeleniumLibrary">
<arg>${CAMP_PESQUISAR_PRODUTO}</arg>
<arg>Logitech MX Vertical</arg>
<doc>Types the given ``text`` into the text field identified by ``locator``.</doc>
<status status="NOT RUN" start="2025-02-10T21:09:02.604871" elapsed="0.000126"/>
</kw>
<kw name="Wait Until Element Is Visible" owner="SeleniumLibrary">
<arg>${CAMP_PESQUISAR}</arg>
<doc>Waits until the element ``locator`` is visible.</doc>
<status status="NOT RUN" start="2025-02-10T21:09:02.605195" elapsed="0.000092"/>
</kw>
<kw name="Click Element" owner="SeleniumLibrary">
<arg>${CAMP_PESQUISAR}</arg>
<doc>Click the element identified by ``locator``.</doc>
<status status="NOT RUN" start="2025-02-10T21:09:02.605448" elapsed="0.000090"/>
</kw>
<kw name="Wait Until Element Is Visible" owner="SeleniumLibrary">
<arg>${PRO_ADICIONAR_LISTA}</arg>
<doc>Waits until the element ``locator`` is visible.</doc>
<status status="NOT RUN" start="2025-02-10T21:09:02.605632" elapsed="0.000049"/>
</kw>
<kw name="Click Element" owner="SeleniumLibrary">
<arg>${PRO_ADICIONAR_LISTA}</arg>
<doc>Click the element identified by ``locator``.</doc>
<status status="NOT RUN" start="2025-02-10T21:09:02.605770" elapsed="0.000040"/>
</kw>
<status status="FAIL" start="2025-02-10T21:08:57.236951" elapsed="5.368962">Element '//input[contains(@class,'form-control my-5 mx-3 my-sm-0')]' not visible after 5 seconds.</status>
</kw>
<kw name="E incluo o produto no carrinho" owner="minhasListaDeProduto_Page">
<status status="NOT RUN" start="2025-02-10T21:09:02.608137" elapsed="0.000108"/>
</kw>
<kw name="Então vejo o texto &quot;Em construção aguarde&quot;" owner="carrinho_Page" source_name="Então vejo o texto &quot;${TEXTO}&quot;">
<status status="NOT RUN" start="2025-02-10T21:09:02.609090" elapsed="0.000082"/>
</kw>
<kw name="Fechar o Navegdor" owner="resources" type="TEARDOWN">
<kw name="Capture Page Screenshot" owner="SeleniumLibrary">
<msg time="2025-02-10T21:09:02.961974" level="INFO" html="true">&lt;/td&gt;&lt;/tr&gt;&lt;tr&gt;&lt;td colspan="3"&gt;&lt;a href="selenium-screenshot-10.png"&gt;&lt;img src="selenium-screenshot-10.png" width="800px"&gt;&lt;/a&gt;</msg>
<doc>Takes a screenshot of the current page and embeds it into a log file.</doc>
<status status="PASS" start="2025-02-10T21:09:02.610364" elapsed="0.351878"/>
</kw>
<kw name="Close Browser" owner="SeleniumLibrary">
<doc>Closes the current browser.</doc>
<status status="PASS" start="2025-02-10T21:09:02.962586" elapsed="2.177973"/>
</kw>
<status status="PASS" start="2025-02-10T21:09:02.610130" elapsed="2.530753"/>
</kw>
<tag>login_01</tag>
<status status="FAIL" start="2025-02-10T21:08:53.485924" elapsed="11.655699">Element '//input[contains(@class,'form-control my-5 mx-3 my-sm-0')]' not visible after 5 seconds.</status>
</test>
<status status="FAIL" start="2025-02-10T21:08:53.382822" elapsed="11.761647"/>
</suite>
<statistics>
<total>
<stat pass="0" fail="1" skip="0">All Tests</stat>
</total>
<tag>
<stat pass="0" fail="1" skip="0">login_01</stat>
</tag>
<suite>
<stat name="compra Produto" id="s1" pass="0" fail="1" skip="0">compra Produto</stat>
</suite>
</statistics>
<errors>
<msg time="2025-02-10T21:08:53.369120" level="WARN">Error in file 'c:\serverest_robot\Tests\compra_Produto.robot' on line 15: Singular section headers like '*** Test Case ***' are deprecated. Use plural format like '*** Test Cases ***' instead.</msg>
</errors>
</robot>
